Using pre-set license
Built from '2021.3/staging' branch; Version is '2021.3.6f1 (7da38d85baf6) revision 8233869'; Using compiler version '192829333'; Build Type 'Release'
OS: 'Windows 11  (10.0.22000) 64bit Core' Language: 'en' Physical Memory: 16205 MB
BatchMode: 1, IsHumanControllingUs: 0, StartBugReporterOnCrash: 0, Is64bit: 1, IsPro: 1

COMMAND LINE ARGUMENTS:
C:\Program Files\Unity\Hub\Editor\2021.3.6f1\Editor\Unity.exe
-adb2
-batchMode
-noUpm
-name
AssetImportWorker2
-projectPath
C:/Users/maste/OneDrive/Pictures/GameJam-Projects/Platformer_Game/ProjectFlower/ProjectFlower/ProjectFlower
-logFile
Logs/AssetImportWorker2.log
-srvPort
59465
Successfully changed project path to: C:/Users/maste/OneDrive/Pictures/GameJam-Projects/Platformer_Game/ProjectFlower/ProjectFlower/ProjectFlower
C:/Users/maste/OneDrive/Pictures/GameJam-Projects/Platformer_Game/ProjectFlower/ProjectFlower/ProjectFlower
[UnityMemory] Configuration Parameters - Can be set up in boot.config
    "memorysetup-bucket-allocator-granularity=16"
    "memorysetup-bucket-allocator-bucket-count=8"
    "memorysetup-bucket-allocator-block-size=33554432"
    "memorysetup-bucket-allocator-block-count=8"
    "memorysetup-main-allocator-block-size=16777216"
    "memorysetup-thread-allocator-block-size=16777216"
    "memorysetup-gfx-main-allocator-block-size=16777216"
    "memorysetup-gfx-thread-allocator-block-size=16777216"
    "memorysetup-cache-allocator-block-size=4194304"
    "memorysetup-typetree-allocator-block-size=2097152"
    "memorysetup-profiler-bucket-allocator-granularity=16"
    "memorysetup-profiler-bucket-allocator-bucket-count=8"
    "memorysetup-profiler-bucket-allocator-block-size=33554432"
    "memorysetup-profiler-bucket-allocator-block-count=8"
    "memorysetup-profiler-allocator-block-size=16777216"
    "memorysetup-profiler-editor-allocator-block-size=1048576"
    "memorysetup-temp-allocator-size-main=16777216"
    "memorysetup-job-temp-allocator-block-size=2097152"
    "memorysetup-job-temp-allocator-block-size-background=1048576"
    "memorysetup-job-temp-allocator-reduction-small-platforms=262144"
    "memorysetup-temp-allocator-size-background-worker=32768"
    "memorysetup-temp-allocator-size-job-worker=262144"
    "memorysetup-temp-allocator-size-preload-manager=33554432"
    "memorysetup-temp-allocator-size-nav-mesh-worker=65536"
    "memorysetup-temp-allocator-size-audio-worker=65536"
    "memorysetup-temp-allocator-size-cloud-worker=32768"
    "memorysetup-temp-allocator-size-gi-baking-worker=262144"
    "memorysetup-temp-allocator-size-gfx=262144"
Refreshing native plugins compatible for Editor in 220.17 ms, found 5 plugins.
Preloading 0 native plugins for Editor in 0.00 ms.
Initialize engine version: 2021.3.6f1 (7da38d85baf6)
[Subsystems] Discovering subsystems at path C:/Program Files/Unity/Hub/Editor/2021.3.6f1/Editor/Data/Resources/UnitySubsystems
[Subsystems] Discovering subsystems at path C:/Users/maste/OneDrive/Pictures/GameJam-Projects/Platformer_Game/ProjectFlower/ProjectFlower/ProjectFlower/Assets
GfxDevice: creating device client; threaded=0; jobified=0
Direct3D:
    Version:  Direct3D 11.0 [level 11.1]
    Renderer: Intel(R) UHD Graphics (ID=0x9bc4)
    Vendor:   Intel
    VRAM:     8102 MB
    Driver:   30.0.101.1340
Initialize mono
Mono path[0] = 'C:/Program Files/Unity/Hub/Editor/2021.3.6f1/Editor/Data/Managed'
Mono path[1] = 'C:/Program Files/Unity/Hub/Editor/2021.3.6f1/Editor/Data/MonoBleedingEdge/lib/mono/unityjit-win32'
Mono config path = 'C:/Program Files/Unity/Hub/Editor/2021.3.6f1/Editor/Data/MonoBleedingEdge/etc'
Using monoOptions --debugger-agent=transport=dt_socket,embedding=1,server=y,suspend=n,address=127.0.0.1:56868
Begin MonoManager ReloadAssembly
Registering precompiled unity dll's ...
Register platform support module: C:/Program Files/Unity/Hub/Editor/2021.3.6f1/Editor/Data/PlaybackEngines/WebGLSupport/UnityEditor.WebGL.Extensions.dll
Register platform support module: C:/Program Files/Unity/Hub/Editor/2021.3.6f1/Editor/Data/PlaybackEngines/WindowsStandaloneSupport/UnityEditor.WindowsStandalone.Extensions.dll
Registered in 0.009124 seconds.
Native extension for WindowsStandalone target not found
Native extension for WebGL target not found
Refreshing native plugins compatible for Editor in 269.55 ms, found 5 plugins.
Preloading 0 native plugins for Editor in 0.00 ms.
Mono: successfully reloaded assembly
- Completed reload, in  1.298 seconds
Domain Reload Profiling:
	ReloadAssembly (1299ms)
		BeginReloadAssembly (162ms)
			ExecutionOrderSort (0ms)
			DisableScriptedObjects (0ms)
			BackupInstance (0ms)
			ReleaseScriptingObjects (0ms)
			CreateAndSetChildDomain (2ms)
		EndReloadAssembly (934ms)
			LoadAssemblies (157ms)
			RebuildTransferFunctionScriptingTraits (0ms)
			SetupTypeCache (154ms)
			ReleaseScriptCaches (0ms)
			RebuildScriptCaches (64ms)
			SetupLoadedEditorAssemblies (619ms)
				LogAssemblyErrors (0ms)
				InitializePlatformSupportModulesInManaged (19ms)
				SetLoadedEditorAssemblies (1ms)
				RefreshPlugins (270ms)
				BeforeProcessingInitializeOnLoad (2ms)
				ProcessInitializeOnLoadAttributes (249ms)
				ProcessInitializeOnLoadMethodAttributes (78ms)
				AfterProcessingInitializeOnLoad (0ms)
				EditorAssembliesLoaded (0ms)
			ExecutionOrderSort2 (0ms)
			AwakeInstancesAfterBackupRestoration (0ms)
Platform modules already initialized, skipping
Registering precompiled user dll's ...
Registered in 0.020291 seconds.
Begin MonoManager ReloadAssembly
Symbol file LoadedFromMemory doesn't match image C:\Users\maste\OneDrive\Pictures\GameJam-Projects\Platformer_Game\ProjectFlower\ProjectFlower\ProjectFlower\Library\PackageCache\com.unity.visualscripting@1.7.8\Editor\VisualScripting.Core\Dependencies\YamlDotNet\Unity.VisualScripting.YamlDotNet.dll
Symbol file LoadedFromMemory doesn't match image C:\Users\maste\OneDrive\Pictures\GameJam-Projects\Platformer_Game\ProjectFlower\ProjectFlower\ProjectFlower\Library\PackageCache\com.unity.visualscripting@1.7.8\Editor\VisualScripting.Core\Dependencies\DotNetZip\Unity.VisualScripting.IonicZip.dll
Native extension for WindowsStandalone target not found
Native extension for WebGL target not found
Refreshing native plugins compatible for Editor in 168.15 ms, found 5 plugins.
Preloading 0 native plugins for Editor in 0.00 ms.
Mono: successfully reloaded assembly
- Completed reload, in  2.478 seconds
Domain Reload Profiling:
	ReloadAssembly (2479ms)
		BeginReloadAssembly (185ms)
			ExecutionOrderSort (0ms)
			DisableScriptedObjects (11ms)
			BackupInstance (0ms)
			ReleaseScriptingObjects (0ms)
			CreateAndSetChildDomain (28ms)
		EndReloadAssembly (2079ms)
			LoadAssemblies (167ms)
			RebuildTransferFunctionScriptingTraits (0ms)
			SetupTypeCache (562ms)
			ReleaseScriptCaches (1ms)
			RebuildScriptCaches (96ms)
			SetupLoadedEditorAssemblies (1230ms)
				LogAssemblyErrors (0ms)
				InitializePlatformSupportModulesInManaged (5ms)
				SetLoadedEditorAssemblies (0ms)
				RefreshPlugins (168ms)
				BeforeProcessingInitializeOnLoad (188ms)
				ProcessInitializeOnLoadAttributes (791ms)
				ProcessInitializeOnLoadMethodAttributes (70ms)
				AfterProcessingInitializeOnLoad (6ms)
				EditorAssembliesLoaded (0ms)
			ExecutionOrderSort2 (0ms)
			AwakeInstancesAfterBackupRestoration (5ms)
Platform modules already initialized, skipping
========================================================================
Worker process is ready to serve import requests
Launched and connected shader compiler UnityShaderCompiler.exe after 0.04 seconds
Refreshing native plugins compatible for Editor in 1.55 ms, found 5 plugins.
Preloading 0 native plugins for Editor in 0.00 ms.
Unloading 6593 Unused Serialized files (Serialized files now loaded: 0)
Unloading 254 unused Assets / (2.3 MB). Loaded Objects now: 7013.
Memory consumption went from 262.3 MB to 260.0 MB.
Total: 6.540500 ms (FindLiveObjects: 0.596600 ms CreateObjectMapping: 0.645100 ms MarkObjects: 4.303400 ms  DeleteObjects: 0.994500 ms)

AssetImportParameters requested are different than current active one (requested -> active):
  custom:video-decoder-ogg-theora: a1e56fd34408186e4bbccfd4996cb3dc -> 
  custom:container-muxer-webm: aa71ff27fc2769a1b78a27578f13a17b -> 
  custom:container-demuxer-webm: 4f35f7cbe854078d1ac9338744f61a02 -> 
  custom:video-encoder-webm-vp8: eb34c28f22e8b96e1ab97ce403110664 -> 
  custom:audio-encoder-webm-vorbis: bf7c407c2cedff20999df2af8eb42d56 -> 
  custom:framework-win-MediaFoundation: 216162199b28c13a410421893ffa2e32 -> 
  custom:container-demuxer-ogg: 62fdf1f143b41e24485cea50d1cbac27 -> 
  custom:video-decoder-webm-vp8: 9c59270c3fd7afecdb556c50c9e8de78 -> 
  custom:audio-decoder-ogg-vorbis: bf7c407c2cedff20999df2af8eb42d56 -> 
========================================================================
Received Import Request.
  Time since last request: 95286.990470 seconds.
  path: Assets/2D_Placeholder/OnceAFlower_Alpha_SpriteSheet.png
  artifactKey: Guid(d3b8c128a559b2f49afa3be887139e8e) Importer(815301076,1909f56bfc062723c751e8b465ee728b)
Start importing Assets/2D_Placeholder/OnceAFlower_Alpha_SpriteSheet.png using Guid(d3b8c128a559b2f49afa3be887139e8e) Importer(815301076,1909f56bfc062723c751e8b465ee728b)  -> (artifact id: '3ad5c4e04f4eec18df5b342781d0e24e') in 0.177773 seconds 
========================================================================
Received Import Request.
  Time since last request: 11.487689 seconds.
  path: Assets/2D_Placeholder/OnceAFlower_Alpha_SpriteSheet.png
  artifactKey: Guid(d3b8c128a559b2f49afa3be887139e8e) Importer(815301076,1909f56bfc062723c751e8b465ee728b)
Start importing Assets/2D_Placeholder/OnceAFlower_Alpha_SpriteSheet.png using Guid(d3b8c128a559b2f49afa3be887139e8e) Importer(815301076,1909f56bfc062723c751e8b465ee728b)  -> (artifact id: '3a210bb988626bdca5a7e18c1d1ba4fe') in 0.137010 seconds 
========================================================================
Received Prepare
Registering precompiled user dll's ...
Registered in 0.008054 seconds.
Begin MonoManager ReloadAssembly
Symbol file LoadedFromMemory doesn't match image C:\Users\maste\OneDrive\Pictures\GameJam-Projects\Platformer_Game\ProjectFlower\ProjectFlower\ProjectFlower\Library\PackageCache\com.unity.visualscripting@1.7.8\Editor\VisualScripting.Core\Dependencies\YamlDotNet\Unity.VisualScripting.YamlDotNet.dll
Symbol file LoadedFromMemory doesn't match image C:\Users\maste\OneDrive\Pictures\GameJam-Projects\Platformer_Game\ProjectFlower\ProjectFlower\ProjectFlower\Library\PackageCache\com.unity.visualscripting@1.7.8\Editor\VisualScripting.Core\Dependencies\DotNetZip\Unity.VisualScripting.IonicZip.dll
Native extension for WindowsStandalone target not found
Native extension for WebGL target not found
Refreshing native plugins compatible for Editor in 1.24 ms, found 5 plugins.
Preloading 0 native plugins for Editor in 0.00 ms.
Warning: Annotation not found!
UnityEngine.StackTraceUtility:ExtractStackTrace ()
UnityEditor.ProBuilder.EditorUtility:SetGizmoIconEnabled (System.Type,bool) (at Library/PackageCache/com.unity.probuilder@5.0.3/Editor/EditorCore/EditorUtility.cs:575)
UnityEditor.ProBuilder.HierarchyListener:.cctor () (at Library/PackageCache/com.unity.probuilder@5.0.3/Editor/EditorCore/HierarchyListener.cs:21)
System.Runtime.CompilerServices.RuntimeHelpers:RunClassConstructor (System.RuntimeTypeHandle)
UnityEditor.EditorAssemblies:ProcessInitializeOnLoadAttributes (System.Type[])

[Library/PackageCache/com.unity.probuilder@5.0.3/Editor/EditorCore/EditorUtility.cs line 575]

Mono: successfully reloaded assembly
- Completed reload, in  1.630 seconds
Domain Reload Profiling:
	ReloadAssembly (1630ms)
		BeginReloadAssembly (156ms)
			ExecutionOrderSort (0ms)
			DisableScriptedObjects (6ms)
			BackupInstance (0ms)
			ReleaseScriptingObjects (0ms)
			CreateAndSetChildDomain (55ms)
		EndReloadAssembly (1373ms)
			LoadAssemblies (98ms)
			RebuildTransferFunctionScriptingTraits (0ms)
			SetupTypeCache (422ms)
			ReleaseScriptCaches (2ms)
			RebuildScriptCaches (84ms)
			SetupLoadedEditorAssemblies (684ms)
				LogAssemblyErrors (0ms)
				InitializePlatformSupportModulesInManaged (14ms)
				SetLoadedEditorAssemblies (0ms)
				RefreshPlugins (1ms)
				BeforeProcessingInitializeOnLoad (140ms)
				ProcessInitializeOnLoadAttributes (425ms)
				ProcessInitializeOnLoadMethodAttributes (95ms)
				AfterProcessingInitializeOnLoad (7ms)
				EditorAssembliesLoaded (0ms)
			ExecutionOrderSort2 (0ms)
			AwakeInstancesAfterBackupRestoration (20ms)
Platform modules already initialized, skipping
Refreshing native plugins compatible for Editor in 5.37 ms, found 5 plugins.
Preloading 0 native plugins for Editor in 0.00 ms.
Unloading 6379 Unused Serialized files (Serialized files now loaded: 0)
Unloading 48 unused Assets / (2.2 MB). Loaded Objects now: 7034.
Memory consumption went from 249.2 MB to 247.0 MB.
Total: 5.856400 ms (FindLiveObjects: 0.542100 ms CreateObjectMapping: 0.615300 ms MarkObjects: 4.167800 ms  DeleteObjects: 0.530000 ms)

AssetImportParameters requested are different than current active one (requested -> active):
  custom:video-decoder-ogg-theora: a1e56fd34408186e4bbccfd4996cb3dc -> 
  custom:container-muxer-webm: aa71ff27fc2769a1b78a27578f13a17b -> 
  custom:container-demuxer-webm: 4f35f7cbe854078d1ac9338744f61a02 -> 
  custom:video-encoder-webm-vp8: eb34c28f22e8b96e1ab97ce403110664 -> 
  custom:audio-encoder-webm-vorbis: bf7c407c2cedff20999df2af8eb42d56 -> 
  custom:framework-win-MediaFoundation: 216162199b28c13a410421893ffa2e32 -> 
  custom:container-demuxer-ogg: 62fdf1f143b41e24485cea50d1cbac27 -> 
  custom:video-decoder-webm-vp8: 9c59270c3fd7afecdb556c50c9e8de78 -> 
  custom:audio-decoder-ogg-vorbis: bf7c407c2cedff20999df2af8eb42d56 -> 
========================================================================
Received Prepare
Registering precompiled user dll's ...
Registered in 0.009924 seconds.
Begin MonoManager ReloadAssembly
Symbol file LoadedFromMemory doesn't match image C:\Users\maste\OneDrive\Pictures\GameJam-Projects\Platformer_Game\ProjectFlower\ProjectFlower\ProjectFlower\Library\PackageCache\com.unity.visualscripting@1.7.8\Editor\VisualScripting.Core\Dependencies\YamlDotNet\Unity.VisualScripting.YamlDotNet.dll
Symbol file LoadedFromMemory doesn't match image C:\Users\maste\OneDrive\Pictures\GameJam-Projects\Platformer_Game\ProjectFlower\ProjectFlower\ProjectFlower\Library\PackageCache\com.unity.visualscripting@1.7.8\Editor\VisualScripting.Core\Dependencies\DotNetZip\Unity.VisualScripting.IonicZip.dll
Native extension for WindowsStandalone target not found
Native extension for WebGL target not found
Refreshing native plugins compatible for Editor in 2.42 ms, found 5 plugins.
Preloading 0 native plugins for Editor in 0.00 ms.
Warning: Annotation not found!
UnityEngine.StackTraceUtility:ExtractStackTrace ()
UnityEditor.ProBuilder.EditorUtility:SetGizmoIconEnabled (System.Type,bool) (at Library/PackageCache/com.unity.probuilder@5.0.3/Editor/EditorCore/EditorUtility.cs:575)
UnityEditor.ProBuilder.HierarchyListener:.cctor () (at Library/PackageCache/com.unity.probuilder@5.0.3/Editor/EditorCore/HierarchyListener.cs:21)
System.Runtime.CompilerServices.RuntimeHelpers:RunClassConstructor (System.RuntimeTypeHandle)
UnityEditor.EditorAssemblies:ProcessInitializeOnLoadAttributes (System.Type[])

[Library/PackageCache/com.unity.probuilder@5.0.3/Editor/EditorCore/EditorUtility.cs line 575]

Mono: successfully reloaded assembly
- Completed reload, in  1.469 seconds
Domain Reload Profiling:
	ReloadAssembly (1469ms)
		BeginReloadAssembly (158ms)
			ExecutionOrderSort (0ms)
			DisableScriptedObjects (6ms)
			BackupInstance (0ms)
			ReleaseScriptingObjects (0ms)
			CreateAndSetChildDomain (53ms)
		EndReloadAssembly (1209ms)
			LoadAssemblies (106ms)
			RebuildTransferFunctionScriptingTraits (0ms)
			SetupTypeCache (325ms)
			ReleaseScriptCaches (5ms)
			RebuildScriptCaches (74ms)
			SetupLoadedEditorAssemblies (626ms)
				LogAssemblyErrors (0ms)
				InitializePlatformSupportModulesInManaged (14ms)
				SetLoadedEditorAssemblies (1ms)
				RefreshPlugins (2ms)
				BeforeProcessingInitializeOnLoad (114ms)
				ProcessInitializeOnLoadAttributes (392ms)
				ProcessInitializeOnLoadMethodAttributes (97ms)
				AfterProcessingInitializeOnLoad (6ms)
				EditorAssembliesLoaded (0ms)
			ExecutionOrderSort2 (0ms)
			AwakeInstancesAfterBackupRestoration (18ms)
Platform modules already initialized, skipping
Refreshing native plugins compatible for Editor in 5.69 ms, found 5 plugins.
Preloading 0 native plugins for Editor in 0.00 ms.
Unloading 6379 Unused Serialized files (Serialized files now loaded: 0)
Unloading 48 unused Assets / (2.3 MB). Loaded Objects now: 7049.
Memory consumption went from 249.3 MB to 247.1 MB.
Total: 7.651500 ms (FindLiveObjects: 0.979700 ms CreateObjectMapping: 1.071600 ms MarkObjects: 5.110100 ms  DeleteObjects: 0.488700 ms)

AssetImportParameters requested are different than current active one (requested -> active):
  custom:video-decoder-ogg-theora: a1e56fd34408186e4bbccfd4996cb3dc -> 
  custom:container-muxer-webm: aa71ff27fc2769a1b78a27578f13a17b -> 
  custom:container-demuxer-webm: 4f35f7cbe854078d1ac9338744f61a02 -> 
  custom:video-encoder-webm-vp8: eb34c28f22e8b96e1ab97ce403110664 -> 
  custom:audio-encoder-webm-vorbis: bf7c407c2cedff20999df2af8eb42d56 -> 
  custom:framework-win-MediaFoundation: 216162199b28c13a410421893ffa2e32 -> 
  custom:container-demuxer-ogg: 62fdf1f143b41e24485cea50d1cbac27 -> 
  custom:video-decoder-webm-vp8: 9c59270c3fd7afecdb556c50c9e8de78 -> 
  custom:audio-decoder-ogg-vorbis: bf7c407c2cedff20999df2af8eb42d56 -> 
========================================================================
Received Import Request.
  Time since last request: 710.073405 seconds.
  path: ProjectSettings/TagManager.asset
  artifactKey: Guid(00000000000000003000000000000000) Importer(815301076,1909f56bfc062723c751e8b465ee728b)
Start importing ProjectSettings/TagManager.asset using Guid(00000000000000003000000000000000) Importer(815301076,1909f56bfc062723c751e8b465ee728b)  -> (artifact id: 'c71ef3d37d41a84f7302deacd7bba084') in 0.017826 seconds 
========================================================================
Received Prepare
Registering precompiled user dll's ...
Registered in 0.010942 seconds.
Begin MonoManager ReloadAssembly
Symbol file LoadedFromMemory doesn't match image C:\Users\maste\OneDrive\Pictures\GameJam-Projects\Platformer_Game\ProjectFlower\ProjectFlower\ProjectFlower\Library\PackageCache\com.unity.visualscripting@1.7.8\Editor\VisualScripting.Core\Dependencies\YamlDotNet\Unity.VisualScripting.YamlDotNet.dll
Symbol file LoadedFromMemory doesn't match image C:\Users\maste\OneDrive\Pictures\GameJam-Projects\Platformer_Game\ProjectFlower\ProjectFlower\ProjectFlower\Library\PackageCache\com.unity.visualscripting@1.7.8\Editor\VisualScripting.Core\Dependencies\DotNetZip\Unity.VisualScripting.IonicZip.dll
Native extension for WindowsStandalone target not found
Native extension for WebGL target not found
Refreshing native plugins compatible for Editor in 1.78 ms, found 5 plugins.
Preloading 0 native plugins for Editor in 0.00 ms.
Warning: Annotation not found!
UnityEngine.StackTraceUtility:ExtractStackTrace ()
UnityEditor.ProBuilder.EditorUtility:SetGizmoIconEnabled (System.Type,bool) (at Library/PackageCache/com.unity.probuilder@5.0.3/Editor/EditorCore/EditorUtility.cs:575)
UnityEditor.ProBuilder.HierarchyListener:.cctor () (at Library/PackageCache/com.unity.probuilder@5.0.3/Editor/EditorCore/HierarchyListener.cs:21)
System.Runtime.CompilerServices.RuntimeHelpers:RunClassConstructor (System.RuntimeTypeHandle)
UnityEditor.EditorAssemblies:ProcessInitializeOnLoadAttributes (System.Type[])

[Library/PackageCache/com.unity.probuilder@5.0.3/Editor/EditorCore/EditorUtility.cs line 575]

Mono: successfully reloaded assembly
- Completed reload, in  1.403 seconds
Domain Reload Profiling:
	ReloadAssembly (1404ms)
		BeginReloadAssembly (136ms)
			ExecutionOrderSort (0ms)
			DisableScriptedObjects (5ms)
			BackupInstance (0ms)
			ReleaseScriptingObjects (0ms)
			CreateAndSetChildDomain (46ms)
		EndReloadAssembly (1168ms)
			LoadAssemblies (88ms)
			RebuildTransferFunctionScriptingTraits (0ms)
			SetupTypeCache (329ms)
			ReleaseScriptCaches (3ms)
			RebuildScriptCaches (72ms)
			SetupLoadedEditorAssemblies (604ms)
				LogAssemblyErrors (0ms)
				InitializePlatformSupportModulesInManaged (13ms)
				SetLoadedEditorAssemblies (1ms)
				RefreshPlugins (2ms)
				BeforeProcessingInitializeOnLoad (114ms)
				ProcessInitializeOnLoadAttributes (379ms)
				ProcessInitializeOnLoadMethodAttributes (90ms)
				AfterProcessingInitializeOnLoad (6ms)
				EditorAssembliesLoaded (0ms)
			ExecutionOrderSort2 (0ms)
			AwakeInstancesAfterBackupRestoration (18ms)
Platform modules already initialized, skipping
Refreshing native plugins compatible for Editor in 3.96 ms, found 5 plugins.
Preloading 0 native plugins for Editor in 0.00 ms.
Unloading 6379 Unused Serialized files (Serialized files now loaded: 0)
Unloading 49 unused Assets / (2.3 MB). Loaded Objects now: 7064.
Memory consumption went from 249.4 MB to 247.1 MB.
Total: 4.350700 ms (FindLiveObjects: 0.406000 ms CreateObjectMapping: 0.371800 ms MarkObjects: 3.113400 ms  DeleteObjects: 0.459200 ms)

AssetImportParameters requested are different than current active one (requested -> active):
  custom:video-decoder-ogg-theora: a1e56fd34408186e4bbccfd4996cb3dc -> 
  custom:container-muxer-webm: aa71ff27fc2769a1b78a27578f13a17b -> 
  custom:container-demuxer-webm: 4f35f7cbe854078d1ac9338744f61a02 -> 
  custom:video-encoder-webm-vp8: eb34c28f22e8b96e1ab97ce403110664 -> 
  custom:audio-encoder-webm-vorbis: bf7c407c2cedff20999df2af8eb42d56 -> 
  custom:framework-win-MediaFoundation: 216162199b28c13a410421893ffa2e32 -> 
  custom:container-demuxer-ogg: 62fdf1f143b41e24485cea50d1cbac27 -> 
  custom:video-decoder-webm-vp8: 9c59270c3fd7afecdb556c50c9e8de78 -> 
  custom:audio-decoder-ogg-vorbis: bf7c407c2cedff20999df2af8eb42d56 -> 
========================================================================
Received Import Request.
  Time since last request: 990.839668 seconds.
  path: ProjectSettings/TagManager.asset
  artifactKey: Guid(00000000000000003000000000000000) Importer(815301076,1909f56bfc062723c751e8b465ee728b)
Start importing ProjectSettings/TagManager.asset using Guid(00000000000000003000000000000000) Importer(815301076,1909f56bfc062723c751e8b465ee728b)  -> (artifact id: 'f48c5a13ad6665d8c53eb6b548e10ef0') in 0.012547 seconds 
========================================================================
Received Import Request.
  Time since last request: 658.132716 seconds.
  path: Assets/2D_Placeholder/Player_Animation
  artifactKey: Guid(f19e408496eea90439064f127dc0eeb8) Importer(815301076,1909f56bfc062723c751e8b465ee728b)
Start importing Assets/2D_Placeholder/Player_Animation using Guid(f19e408496eea90439064f127dc0eeb8) Importer(815301076,1909f56bfc062723c751e8b465ee728b)  -> (artifact id: '2212ec69a3414ec5f572389b4da172f3') in 0.011663 seconds 
========================================================================
Received Import Request.
  Time since last request: 2.485065 seconds.
  path: Assets/2D_Placeholder/Player_Animation/Player.controller
  artifactKey: Guid(781aadc7dbf8cdc4d90219947ebcf1bb) Importer(815301076,1909f56bfc062723c751e8b465ee728b)
Start importing Assets/2D_Placeholder/Player_Animation/Player.controller using Guid(781aadc7dbf8cdc4d90219947ebcf1bb) Importer(815301076,1909f56bfc062723c751e8b465ee728b)  -> (artifact id: 'ea74526a78fc862b5c45da95cd1c06f6') in 0.012908 seconds 
========================================================================
Received Import Request.
  Time since last request: 37.167077 seconds.
  path: Assets/2D_Placeholder/Tilemap/Environment_Placeholder.prefab
  artifactKey: Guid(bf454abf6b7044544914e41a41047769) Importer(815301076,1909f56bfc062723c751e8b465ee728b)
Start importing Assets/2D_Placeholder/Tilemap/Environment_Placeholder.prefab using Guid(bf454abf6b7044544914e41a41047769) Importer(815301076,1909f56bfc062723c751e8b465ee728b)  -> (artifact id: '5d0bb45b75a99d670ea5d03e37eece46') in 0.244784 seconds 
========================================================================
Received Import Request.
  Time since last request: 0.000029 seconds.
  path: Assets/2D_Placeholder/Tilemap/OnceAFlower_Alpha_SpriteSheet_17.asset
  artifactKey: Guid(33fca99739d662f448834e62fc98efbc) Importer(815301076,1909f56bfc062723c751e8b465ee728b)
Start importing Assets/2D_Placeholder/Tilemap/OnceAFlower_Alpha_SpriteSheet_17.asset using Guid(33fca99739d662f448834e62fc98efbc) Importer(815301076,1909f56bfc062723c751e8b465ee728b)  -> (artifact id: 'd2fa080b35429083635dae6b2e9961b7') in 0.022440 seconds 
========================================================================
Received Import Request.
  Time since last request: 0.000033 seconds.
  path: Assets/2D_Placeholder/Tilemap/OnceAFlower_Alpha_SpriteSheet_28.asset
  artifactKey: Guid(9b6105adad8c4db4abe5f065d6b5e8ef) Importer(815301076,1909f56bfc062723c751e8b465ee728b)
Start importing Assets/2D_Placeholder/Tilemap/OnceAFlower_Alpha_SpriteSheet_28.asset using Guid(9b6105adad8c4db4abe5f065d6b5e8ef) Importer(815301076,1909f56bfc062723c751e8b465ee728b)  -> (artifact id: 'b0efde629890ef6fa008bb3603be7c64') in 0.011754 seconds 
========================================================================
Received Import Request.
  Time since last request: 0.000024 seconds.
  path: Assets/2D_Placeholder/Tilemap/OnceAFlower_Alpha_SpriteSheet_20.asset
  artifactKey: Guid(7d541ac26b9441f4ab8cda73a0a27454) Importer(815301076,1909f56bfc062723c751e8b465ee728b)
Start importing Assets/2D_Placeholder/Tilemap/OnceAFlower_Alpha_SpriteSheet_20.asset using Guid(7d541ac26b9441f4ab8cda73a0a27454) Importer(815301076,1909f56bfc062723c751e8b465ee728b)  -> (artifact id: '45bce125efcc71e5ec1c18feffab00ec') in 0.020337 seconds 
========================================================================
Received Import Request.
  Time since last request: 0.000027 seconds.
  path: Assets/2D_Placeholder/Tilemap/OnceAFlower_Alpha_SpriteSheet_7.asset
  artifactKey: Guid(e7956e5852ced04498bce710c6355589) Importer(815301076,1909f56bfc062723c751e8b465ee728b)
Start importing Assets/2D_Placeholder/Tilemap/OnceAFlower_Alpha_SpriteSheet_7.asset using Guid(e7956e5852ced04498bce710c6355589) Importer(815301076,1909f56bfc062723c751e8b465ee728b)  -> (artifact id: 'df2c6ff7a5ffbd2b054d199319034d36') in 0.015024 seconds 
========================================================================
Received Import Request.
  Time since last request: 0.000023 seconds.
  path: Assets/2D_Placeholder/Tilemap/OnceAFlower_Alpha_SpriteSheet_14.asset
  artifactKey: Guid(d06b6876f3c729c419e09b0c8613f546) Importer(815301076,1909f56bfc062723c751e8b465ee728b)
Start importing Assets/2D_Placeholder/Tilemap/OnceAFlower_Alpha_SpriteSheet_14.asset using Guid(d06b6876f3c729c419e09b0c8613f546) Importer(815301076,1909f56bfc062723c751e8b465ee728b)  -> (artifact id: '1ac5ff5c4c9790b68f155bc98788030f') in 0.015498 seconds 
========================================================================
Received Import Request.
  Time since last request: 0.000023 seconds.
  path: Assets/2D_Placeholder/Tilemap/OnceAFlower_Alpha_SpriteSheet_29.asset
  artifactKey: Guid(01ada5cd93daab445899fd07cecdebe2) Importer(815301076,1909f56bfc062723c751e8b465ee728b)
Start importing Assets/2D_Placeholder/Tilemap/OnceAFlower_Alpha_SpriteSheet_29.asset using Guid(01ada5cd93daab445899fd07cecdebe2) Importer(815301076,1909f56bfc062723c751e8b465ee728b)  -> (artifact id: '06a584b2f02e3ddcab3d41889c56cc97') in 0.011219 seconds 
========================================================================
Received Import Request.
  Time since last request: 0.000031 seconds.
  path: Assets/2D_Placeholder/Tilemap/OnceAFlower_Alpha_SpriteSheet_8.asset
  artifactKey: Guid(a5998b400dc49d248923a1d559348224) Importer(815301076,1909f56bfc062723c751e8b465ee728b)
Start importing Assets/2D_Placeholder/Tilemap/OnceAFlower_Alpha_SpriteSheet_8.asset using Guid(a5998b400dc49d248923a1d559348224) Importer(815301076,1909f56bfc062723c751e8b465ee728b)  -> (artifact id: '001a963f5099beadd64052a2b1e98c7a') in 0.009167 seconds 
========================================================================
Received Import Request.
  Time since last request: 0.000030 seconds.
  path: Assets/2D_Placeholder/Tilemap/OnceAFlower_Alpha_SpriteSheet_23.asset
  artifactKey: Guid(9c07753b1a808c04381eeb69f5a6780c) Importer(815301076,1909f56bfc062723c751e8b465ee728b)
Start importing Assets/2D_Placeholder/Tilemap/OnceAFlower_Alpha_SpriteSheet_23.asset using Guid(9c07753b1a808c04381eeb69f5a6780c) Importer(815301076,1909f56bfc062723c751e8b465ee728b)  -> (artifact id: '1235c6ae38481ccf1bad8cc48ccbfb65') in 0.015087 seconds 
========================================================================
Received Import Request.
  Time since last request: 0.000025 seconds.
  path: Assets/2D_Placeholder/Tilemap/OnceAFlower_Alpha_SpriteSheet_16.asset
  artifactKey: Guid(69265d0bebef30d4db98827e335e913b) Importer(815301076,1909f56bfc062723c751e8b465ee728b)
Start importing Assets/2D_Placeholder/Tilemap/OnceAFlower_Alpha_SpriteSheet_16.asset using Guid(69265d0bebef30d4db98827e335e913b) Importer(815301076,1909f56bfc062723c751e8b465ee728b)  -> (artifact id: 'f58e502e5dc0bba67e4f19440f652af3') in 0.013657 seconds 
========================================================================
Received Import Request.
  Time since last request: 0.000024 seconds.
  path: Assets/2D_Placeholder/Tilemap/OnceAFlower_Alpha_SpriteSheet_11.asset
  artifactKey: Guid(46045d694ee97fc439f135a8977f5c3d) Importer(815301076,1909f56bfc062723c751e8b465ee728b)
Start importing Assets/2D_Placeholder/Tilemap/OnceAFlower_Alpha_SpriteSheet_11.asset using Guid(46045d694ee97fc439f135a8977f5c3d) Importer(815301076,1909f56bfc062723c751e8b465ee728b)  -> (artifact id: 'bd05dfcfd954b5b9314c1205e0b05c21') in 0.012718 seconds 
========================================================================
Received Import Request.
  Time since last request: 0.000043 seconds.
  path: Assets/2D_Placeholder/Tilemap/OnceAFlower_Alpha_SpriteSheet_5.asset
  artifactKey: Guid(0f41732171400774ebaba47b397001cb) Importer(815301076,1909f56bfc062723c751e8b465ee728b)
Start importing Assets/2D_Placeholder/Tilemap/OnceAFlower_Alpha_SpriteSheet_5.asset using Guid(0f41732171400774ebaba47b397001cb) Importer(815301076,1909f56bfc062723c751e8b465ee728b)  -> (artifact id: 'cbae7994c64a5b96a25e8487d60abfc0') in 0.012486 seconds 
Editor requested this worker to shutdown with reason: Scaling down because of idle timeout
AssetImportWorker is now disconnected from the server
Process exiting
Exiting without the bug reporter. Application will terminate with return code 0