Using pre-set license
Built from '2021.3/staging' branch; Version is '2021.3.6f1 (7da38d85baf6) revision 8233869'; Using compiler version '192829333'; Build Type 'Release'
OS: 'Windows 11  (10.0.22000) 64bit Core' Language: 'en' Physical Memory: 16205 MB
BatchMode: 1, IsHumanControllingUs: 0, StartBugReporterOnCrash: 0, Is64bit: 1, IsPro: 1

COMMAND LINE ARGUMENTS:
C:\Program Files\Unity\Hub\Editor\2021.3.6f1\Editor\Unity.exe
-adb2
-batchMode
-noUpm
-name
AssetImportWorker1
-projectPath
C:/Users/maste/OneDrive/Pictures/GameJam-Projects/Platformer_Game/ProjectFlower/ProjectFlower/ProjectFlower
-logFile
Logs/AssetImportWorker1.log
-srvPort
59465
Successfully changed project path to: C:/Users/maste/OneDrive/Pictures/GameJam-Projects/Platformer_Game/ProjectFlower/ProjectFlower/ProjectFlower
C:/Users/maste/OneDrive/Pictures/GameJam-Projects/Platformer_Game/ProjectFlower/ProjectFlower/ProjectFlower
[UnityMemory] Configuration Parameters - Can be set up in boot.config
    "memorysetup-bucket-allocator-granularity=16"
    "memorysetup-bucket-allocator-bucket-count=8"
    "memorysetup-bucket-allocator-block-size=33554432"
    "memorysetup-bucket-allocator-block-count=8"
    "memorysetup-main-allocator-block-size=16777216"
    "memorysetup-thread-allocator-block-size=16777216"
    "memorysetup-gfx-main-allocator-block-size=16777216"
    "memorysetup-gfx-thread-allocator-block-size=16777216"
    "memorysetup-cache-allocator-block-size=4194304"
    "memorysetup-typetree-allocator-block-size=2097152"
    "memorysetup-profiler-bucket-allocator-granularity=16"
    "memorysetup-profiler-bucket-allocator-bucket-count=8"
    "memorysetup-profiler-bucket-allocator-block-size=33554432"
    "memorysetup-profiler-bucket-allocator-block-count=8"
    "memorysetup-profiler-allocator-block-size=16777216"
    "memorysetup-profiler-editor-allocator-block-size=1048576"
    "memorysetup-temp-allocator-size-main=16777216"
    "memorysetup-job-temp-allocator-block-size=2097152"
    "memorysetup-job-temp-allocator-block-size-background=1048576"
    "memorysetup-job-temp-allocator-reduction-small-platforms=262144"
    "memorysetup-temp-allocator-size-background-worker=32768"
    "memorysetup-temp-allocator-size-job-worker=262144"
    "memorysetup-temp-allocator-size-preload-manager=33554432"
    "memorysetup-temp-allocator-size-nav-mesh-worker=65536"
    "memorysetup-temp-allocator-size-audio-worker=65536"
    "memorysetup-temp-allocator-size-cloud-worker=32768"
    "memorysetup-temp-allocator-size-gi-baking-worker=262144"
    "memorysetup-temp-allocator-size-gfx=262144"
Refreshing native plugins compatible for Editor in 123.57 ms, found 3 plugins.
Preloading 0 native plugins for Editor in 0.00 ms.
Initialize engine version: 2021.3.6f1 (7da38d85baf6)
[Subsystems] Discovering subsystems at path C:/Program Files/Unity/Hub/Editor/2021.3.6f1/Editor/Data/Resources/UnitySubsystems
[Subsystems] Discovering subsystems at path C:/Users/maste/OneDrive/Pictures/GameJam-Projects/Platformer_Game/ProjectFlower/ProjectFlower/ProjectFlower/Assets
GfxDevice: creating device client; threaded=0; jobified=0
Direct3D:
    Version:  Direct3D 11.0 [level 11.1]
    Renderer: Intel(R) UHD Graphics (ID=0x9bc4)
    Vendor:   Intel
    VRAM:     8102 MB
    Driver:   30.0.101.1340
Initialize mono
Mono path[0] = 'C:/Program Files/Unity/Hub/Editor/2021.3.6f1/Editor/Data/Managed'
Mono path[1] = 'C:/Program Files/Unity/Hub/Editor/2021.3.6f1/Editor/Data/MonoBleedingEdge/lib/mono/unityjit-win32'
Mono config path = 'C:/Program Files/Unity/Hub/Editor/2021.3.6f1/Editor/Data/MonoBleedingEdge/etc'
Using monoOptions --debugger-agent=transport=dt_socket,embedding=1,server=y,suspend=n,address=127.0.0.1:56716
Begin MonoManager ReloadAssembly
Registering precompiled unity dll's ...
Register platform support module: C:/Program Files/Unity/Hub/Editor/2021.3.6f1/Editor/Data/PlaybackEngines/WebGLSupport/UnityEditor.WebGL.Extensions.dll
Register platform support module: C:/Program Files/Unity/Hub/Editor/2021.3.6f1/Editor/Data/PlaybackEngines/WindowsStandaloneSupport/UnityEditor.WindowsStandalone.Extensions.dll
Registered in 0.006056 seconds.
Native extension for WindowsStandalone target not found
Native extension for WebGL target not found
Refreshing native plugins compatible for Editor in 120.21 ms, found 3 plugins.
Preloading 0 native plugins for Editor in 0.00 ms.
Mono: successfully reloaded assembly
- Completed reload, in  0.741 seconds
Domain Reload Profiling:
	ReloadAssembly (742ms)
		BeginReloadAssembly (85ms)
			ExecutionOrderSort (0ms)
			DisableScriptedObjects (0ms)
			BackupInstance (0ms)
			ReleaseScriptingObjects (0ms)
			CreateAndSetChildDomain (1ms)
		EndReloadAssembly (538ms)
			LoadAssemblies (84ms)
			RebuildTransferFunctionScriptingTraits (0ms)
			SetupTypeCache (127ms)
			ReleaseScriptCaches (0ms)
			RebuildScriptCaches (31ms)
			SetupLoadedEditorAssemblies (322ms)
				LogAssemblyErrors (0ms)
				InitializePlatformSupportModulesInManaged (10ms)
				SetLoadedEditorAssemblies (1ms)
				RefreshPlugins (120ms)
				BeforeProcessingInitializeOnLoad (1ms)
				ProcessInitializeOnLoadAttributes (142ms)
				ProcessInitializeOnLoadMethodAttributes (48ms)
				AfterProcessingInitializeOnLoad (0ms)
				EditorAssembliesLoaded (0ms)
			ExecutionOrderSort2 (0ms)
			AwakeInstancesAfterBackupRestoration (0ms)
Platform modules already initialized, skipping
Registering precompiled user dll's ...
Registered in 0.013289 seconds.
Begin MonoManager ReloadAssembly
Symbol file LoadedFromMemory doesn't match image C:\Users\maste\OneDrive\Pictures\GameJam-Projects\Platformer_Game\ProjectFlower\ProjectFlower\ProjectFlower\Library\PackageCache\com.unity.visualscripting@1.7.8\Editor\VisualScripting.Core\Dependencies\YamlDotNet\Unity.VisualScripting.YamlDotNet.dll
Symbol file LoadedFromMemory doesn't match image C:\Users\maste\OneDrive\Pictures\GameJam-Projects\Platformer_Game\ProjectFlower\ProjectFlower\ProjectFlower\Library\PackageCache\com.unity.visualscripting@1.7.8\Editor\VisualScripting.Core\Dependencies\DotNetZip\Unity.VisualScripting.IonicZip.dll
Native extension for WindowsStandalone target not found
Native extension for WebGL target not found
Refreshing native plugins compatible for Editor in 113.84 ms, found 3 plugins.
Preloading 0 native plugins for Editor in 0.00 ms.
Mono: successfully reloaded assembly
- Completed reload, in  1.408 seconds
Domain Reload Profiling:
	ReloadAssembly (1409ms)
		BeginReloadAssembly (130ms)
			ExecutionOrderSort (0ms)
			DisableScriptedObjects (7ms)
			BackupInstance (0ms)
			ReleaseScriptingObjects (0ms)
			CreateAndSetChildDomain (22ms)
		EndReloadAssembly (1126ms)
			LoadAssemblies (101ms)
			RebuildTransferFunctionScriptingTraits (0ms)
			SetupTypeCache (318ms)
			ReleaseScriptCaches (1ms)
			RebuildScriptCaches (67ms)
			SetupLoadedEditorAssemblies (595ms)
				LogAssemblyErrors (0ms)
				InitializePlatformSupportModulesInManaged (5ms)
				SetLoadedEditorAssemblies (0ms)
				RefreshPlugins (114ms)
				BeforeProcessingInitializeOnLoad (118ms)
				ProcessInitializeOnLoadAttributes (262ms)
				ProcessInitializeOnLoadMethodAttributes (89ms)
				AfterProcessingInitializeOnLoad (7ms)
				EditorAssembliesLoaded (0ms)
			ExecutionOrderSort2 (0ms)
			AwakeInstancesAfterBackupRestoration (6ms)
Platform modules already initialized, skipping
========================================================================
Worker process is ready to serve import requests
Launched and connected shader compiler UnityShaderCompiler.exe after 0.04 seconds
Refreshing native plugins compatible for Editor in 1.33 ms, found 3 plugins.
Preloading 0 native plugins for Editor in 0.00 ms.
Unloading 5019 Unused Serialized files (Serialized files now loaded: 0)
Unloading 34 unused Assets / (0.7 MB). Loaded Objects now: 5470.
Memory consumption went from 197.6 MB to 196.9 MB.
Total: 4.925500 ms (FindLiveObjects: 0.424100 ms CreateObjectMapping: 0.457000 ms MarkObjects: 3.737700 ms  DeleteObjects: 0.305800 ms)

AssetImportParameters requested are different than current active one (requested -> active):
  custom:video-decoder-ogg-theora: a1e56fd34408186e4bbccfd4996cb3dc -> 
  custom:container-muxer-webm: aa71ff27fc2769a1b78a27578f13a17b -> 
  custom:container-demuxer-webm: 4f35f7cbe854078d1ac9338744f61a02 -> 
  custom:video-encoder-webm-vp8: eb34c28f22e8b96e1ab97ce403110664 -> 
  custom:audio-encoder-webm-vorbis: bf7c407c2cedff20999df2af8eb42d56 -> 
  custom:framework-win-MediaFoundation: 216162199b28c13a410421893ffa2e32 -> 
  custom:container-demuxer-ogg: 62fdf1f143b41e24485cea50d1cbac27 -> 
  custom:video-decoder-webm-vp8: 9c59270c3fd7afecdb556c50c9e8de78 -> 
  custom:audio-decoder-ogg-vorbis: bf7c407c2cedff20999df2af8eb42d56 -> 
========================================================================
Received Prepare
Registering precompiled user dll's ...
Registered in 0.011347 seconds.
Begin MonoManager ReloadAssembly
Symbol file LoadedFromMemory doesn't match image C:\Users\maste\OneDrive\Pictures\GameJam-Projects\Platformer_Game\ProjectFlower\ProjectFlower\ProjectFlower\Library\PackageCache\com.unity.visualscripting@1.7.8\Editor\VisualScripting.Core\Dependencies\YamlDotNet\Unity.VisualScripting.YamlDotNet.dll
Symbol file LoadedFromMemory doesn't match image C:\Users\maste\OneDrive\Pictures\GameJam-Projects\Platformer_Game\ProjectFlower\ProjectFlower\ProjectFlower\Library\PackageCache\com.unity.visualscripting@1.7.8\Editor\VisualScripting.Core\Dependencies\DotNetZip\Unity.VisualScripting.IonicZip.dll
Native extension for WindowsStandalone target not found
Native extension for WebGL target not found
Refreshing native plugins compatible for Editor in 106.84 ms, found 4 plugins.
Preloading 0 native plugins for Editor in 0.00 ms.
Mono: successfully reloaded assembly
- Completed reload, in  1.324 seconds
Domain Reload Profiling:
	ReloadAssembly (1324ms)
		BeginReloadAssembly (128ms)
			ExecutionOrderSort (0ms)
			DisableScriptedObjects (5ms)
			BackupInstance (0ms)
			ReleaseScriptingObjects (0ms)
			CreateAndSetChildDomain (37ms)
		EndReloadAssembly (1086ms)
			LoadAssemblies (95ms)
			RebuildTransferFunctionScriptingTraits (0ms)
			SetupTypeCache (403ms)
			ReleaseScriptCaches (1ms)
			RebuildScriptCaches (37ms)
			SetupLoadedEditorAssemblies (491ms)
				LogAssemblyErrors (0ms)
				InitializePlatformSupportModulesInManaged (11ms)
				SetLoadedEditorAssemblies (0ms)
				RefreshPlugins (107ms)
				BeforeProcessingInitializeOnLoad (87ms)
				ProcessInitializeOnLoadAttributes (197ms)
				ProcessInitializeOnLoadMethodAttributes (83ms)
				AfterProcessingInitializeOnLoad (6ms)
				EditorAssembliesLoaded (0ms)
			ExecutionOrderSort2 (0ms)
			AwakeInstancesAfterBackupRestoration (12ms)
Platform modules already initialized, skipping
Refreshing native plugins compatible for Editor in 3.62 ms, found 4 plugins.
Preloading 0 native plugins for Editor in 0.00 ms.
Unloading 5392 Unused Serialized files (Serialized files now loaded: 0)
Unloading 35 unused Assets / (0.8 MB). Loaded Objects now: 5967.
Memory consumption went from 206.4 MB to 205.6 MB.
Total: 3.786000 ms (FindLiveObjects: 0.371800 ms CreateObjectMapping: 0.349500 ms MarkObjects: 2.770200 ms  DeleteObjects: 0.293900 ms)

AssetImportParameters requested are different than current active one (requested -> active):
  custom:video-decoder-ogg-theora: a1e56fd34408186e4bbccfd4996cb3dc -> 
  custom:container-muxer-webm: aa71ff27fc2769a1b78a27578f13a17b -> 
  custom:container-demuxer-webm: 4f35f7cbe854078d1ac9338744f61a02 -> 
  custom:video-encoder-webm-vp8: eb34c28f22e8b96e1ab97ce403110664 -> 
  custom:audio-encoder-webm-vorbis: bf7c407c2cedff20999df2af8eb42d56 -> 
  custom:framework-win-MediaFoundation: 216162199b28c13a410421893ffa2e32 -> 
  custom:container-demuxer-ogg: 62fdf1f143b41e24485cea50d1cbac27 -> 
  custom:video-decoder-webm-vp8: 9c59270c3fd7afecdb556c50c9e8de78 -> 
  custom:audio-decoder-ogg-vorbis: bf7c407c2cedff20999df2af8eb42d56 -> 
========================================================================
Received Prepare
Registering precompiled user dll's ...
Registered in 0.008375 seconds.
Begin MonoManager ReloadAssembly
Symbol file LoadedFromMemory doesn't match image C:\Users\maste\OneDrive\Pictures\GameJam-Projects\Platformer_Game\ProjectFlower\ProjectFlower\ProjectFlower\Library\PackageCache\com.unity.visualscripting@1.7.8\Editor\VisualScripting.Core\Dependencies\YamlDotNet\Unity.VisualScripting.YamlDotNet.dll
Symbol file LoadedFromMemory doesn't match image C:\Users\maste\OneDrive\Pictures\GameJam-Projects\Platformer_Game\ProjectFlower\ProjectFlower\ProjectFlower\Library\PackageCache\com.unity.visualscripting@1.7.8\Editor\VisualScripting.Core\Dependencies\DotNetZip\Unity.VisualScripting.IonicZip.dll
Native extension for WindowsStandalone target not found
Native extension for WebGL target not found
Refreshing native plugins compatible for Editor in 0.98 ms, found 4 plugins.
Preloading 0 native plugins for Editor in 0.00 ms.
Mono: successfully reloaded assembly
- Completed reload, in  1.140 seconds
Domain Reload Profiling:
	ReloadAssembly (1141ms)
		BeginReloadAssembly (135ms)
			ExecutionOrderSort (0ms)
			DisableScriptedObjects (9ms)
			BackupInstance (0ms)
			ReleaseScriptingObjects (0ms)
			CreateAndSetChildDomain (39ms)
		EndReloadAssembly (901ms)
			LoadAssemblies (85ms)
			RebuildTransferFunctionScriptingTraits (0ms)
			SetupTypeCache (308ms)
			ReleaseScriptCaches (2ms)
			RebuildScriptCaches (53ms)
			SetupLoadedEditorAssemblies (406ms)
				LogAssemblyErrors (0ms)
				InitializePlatformSupportModulesInManaged (11ms)
				SetLoadedEditorAssemblies (0ms)
				RefreshPlugins (1ms)
				BeforeProcessingInitializeOnLoad (90ms)
				ProcessInitializeOnLoadAttributes (217ms)
				ProcessInitializeOnLoadMethodAttributes (81ms)
				AfterProcessingInitializeOnLoad (5ms)
				EditorAssembliesLoaded (0ms)
			ExecutionOrderSort2 (0ms)
			AwakeInstancesAfterBackupRestoration (14ms)
Platform modules already initialized, skipping
Refreshing native plugins compatible for Editor in 3.53 ms, found 4 plugins.
Preloading 0 native plugins for Editor in 0.00 ms.
Unloading 5552 Unused Serialized files (Serialized files now loaded: 0)
Unloading 38 unused Assets / (0.9 MB). Loaded Objects now: 6138.
Memory consumption went from 211.8 MB to 211.0 MB.
Total: 3.730700 ms (FindLiveObjects: 0.354900 ms CreateObjectMapping: 0.297100 ms MarkObjects: 2.761100 ms  DeleteObjects: 0.317000 ms)

AssetImportParameters requested are different than current active one (requested -> active):
  custom:video-decoder-ogg-theora: a1e56fd34408186e4bbccfd4996cb3dc -> 
  custom:container-muxer-webm: aa71ff27fc2769a1b78a27578f13a17b -> 
  custom:container-demuxer-webm: 4f35f7cbe854078d1ac9338744f61a02 -> 
  custom:video-encoder-webm-vp8: eb34c28f22e8b96e1ab97ce403110664 -> 
  custom:audio-encoder-webm-vorbis: bf7c407c2cedff20999df2af8eb42d56 -> 
  custom:framework-win-MediaFoundation: 216162199b28c13a410421893ffa2e32 -> 
  custom:container-demuxer-ogg: 62fdf1f143b41e24485cea50d1cbac27 -> 
  custom:video-decoder-webm-vp8: 9c59270c3fd7afecdb556c50c9e8de78 -> 
  custom:audio-decoder-ogg-vorbis: bf7c407c2cedff20999df2af8eb42d56 -> 
========================================================================
Received Prepare
Registering precompiled user dll's ...
Registered in 0.213149 seconds.
Begin MonoManager ReloadAssembly
Symbol file LoadedFromMemory doesn't match image C:\Users\maste\OneDrive\Pictures\GameJam-Projects\Platformer_Game\ProjectFlower\ProjectFlower\ProjectFlower\Library\PackageCache\com.unity.visualscripting@1.7.8\Editor\VisualScripting.Core\Dependencies\YamlDotNet\Unity.VisualScripting.YamlDotNet.dll
Symbol file LoadedFromMemory doesn't match image C:\Users\maste\OneDrive\Pictures\GameJam-Projects\Platformer_Game\ProjectFlower\ProjectFlower\ProjectFlower\Library\PackageCache\com.unity.visualscripting@1.7.8\Editor\VisualScripting.Core\Dependencies\DotNetZip\Unity.VisualScripting.IonicZip.dll
Native extension for WindowsStandalone target not found
Native extension for WebGL target not found
Refreshing native plugins compatible for Editor in 168.56 ms, found 5 plugins.
Preloading 0 native plugins for Editor in 0.00 ms.
Warning: Annotation not found!
UnityEngine.StackTraceUtility:ExtractStackTrace ()
UnityEditor.ProBuilder.EditorUtility:SetGizmoIconEnabled (System.Type,bool) (at Library/PackageCache/com.unity.probuilder@5.0.3/Editor/EditorCore/EditorUtility.cs:575)
UnityEditor.ProBuilder.HierarchyListener:.cctor () (at Library/PackageCache/com.unity.probuilder@5.0.3/Editor/EditorCore/HierarchyListener.cs:21)
System.Runtime.CompilerServices.RuntimeHelpers:RunClassConstructor (System.RuntimeTypeHandle)
UnityEditor.EditorAssemblies:ProcessInitializeOnLoadAttributes (System.Type[])

[Library/PackageCache/com.unity.probuilder@5.0.3/Editor/EditorCore/EditorUtility.cs line 575]

Mono: successfully reloaded assembly
- Completed reload, in  1.757 seconds
Domain Reload Profiling:
	ReloadAssembly (1757ms)
		BeginReloadAssembly (164ms)
			ExecutionOrderSort (0ms)
			DisableScriptedObjects (7ms)
			BackupInstance (0ms)
			ReleaseScriptingObjects (0ms)
			CreateAndSetChildDomain (59ms)
		EndReloadAssembly (1475ms)
			LoadAssemblies (108ms)
			RebuildTransferFunctionScriptingTraits (0ms)
			SetupTypeCache (319ms)
			ReleaseScriptCaches (2ms)
			RebuildScriptCaches (60ms)
			SetupLoadedEditorAssemblies (917ms)
				LogAssemblyErrors (0ms)
				InitializePlatformSupportModulesInManaged (13ms)
				SetLoadedEditorAssemblies (0ms)
				RefreshPlugins (169ms)
				BeforeProcessingInitializeOnLoad (154ms)
				ProcessInitializeOnLoadAttributes (483ms)
				ProcessInitializeOnLoadMethodAttributes (91ms)
				AfterProcessingInitializeOnLoad (6ms)
				EditorAssembliesLoaded (0ms)
			ExecutionOrderSort2 (0ms)
			AwakeInstancesAfterBackupRestoration (16ms)
Platform modules already initialized, skipping
Refreshing native plugins compatible for Editor in 4.41 ms, found 5 plugins.
Preloading 0 native plugins for Editor in 0.00 ms.
Unloading 6441 Unused Serialized files (Serialized files now loaded: 0)
Unloading 110 unused Assets / (6.5 MB). Loaded Objects now: 6984.
Memory consumption went from 250.0 MB to 243.4 MB.
Total: 6.557500 ms (FindLiveObjects: 0.488000 ms CreateObjectMapping: 0.460900 ms MarkObjects: 3.380000 ms  DeleteObjects: 2.228000 ms)

AssetImportParameters requested are different than current active one (requested -> active):
  custom:video-decoder-ogg-theora: a1e56fd34408186e4bbccfd4996cb3dc -> 
  custom:container-muxer-webm: aa71ff27fc2769a1b78a27578f13a17b -> 
  custom:container-demuxer-webm: 4f35f7cbe854078d1ac9338744f61a02 -> 
  custom:video-encoder-webm-vp8: eb34c28f22e8b96e1ab97ce403110664 -> 
  custom:audio-encoder-webm-vorbis: bf7c407c2cedff20999df2af8eb42d56 -> 
  custom:framework-win-MediaFoundation: 216162199b28c13a410421893ffa2e32 -> 
  custom:container-demuxer-ogg: 62fdf1f143b41e24485cea50d1cbac27 -> 
  custom:video-decoder-webm-vp8: 9c59270c3fd7afecdb556c50c9e8de78 -> 
  custom:audio-decoder-ogg-vorbis: bf7c407c2cedff20999df2af8eb42d56 -> 
========================================================================
Received Import Request.
  Time since last request: 94548.171440 seconds.
  path: Assets/2D_Placeholder/OnceAFlower_Alpha_SpriteSheet.png
  artifactKey: Guid(d3b8c128a559b2f49afa3be887139e8e) Importer(815301076,1909f56bfc062723c751e8b465ee728b)
Start importing Assets/2D_Placeholder/OnceAFlower_Alpha_SpriteSheet.png using Guid(d3b8c128a559b2f49afa3be887139e8e) Importer(815301076,1909f56bfc062723c751e8b465ee728b)  -> (artifact id: '09c5225167ca16cb9df72e3548b78302') in 0.054877 seconds 
========================================================================
Received Prepare
Registering precompiled user dll's ...
Registered in 0.008133 seconds.
Begin MonoManager ReloadAssembly
Symbol file LoadedFromMemory doesn't match image C:\Users\maste\OneDrive\Pictures\GameJam-Projects\Platformer_Game\ProjectFlower\ProjectFlower\ProjectFlower\Library\PackageCache\com.unity.visualscripting@1.7.8\Editor\VisualScripting.Core\Dependencies\YamlDotNet\Unity.VisualScripting.YamlDotNet.dll
Symbol file LoadedFromMemory doesn't match image C:\Users\maste\OneDrive\Pictures\GameJam-Projects\Platformer_Game\ProjectFlower\ProjectFlower\ProjectFlower\Library\PackageCache\com.unity.visualscripting@1.7.8\Editor\VisualScripting.Core\Dependencies\DotNetZip\Unity.VisualScripting.IonicZip.dll
Native extension for WindowsStandalone target not found
Native extension for WebGL target not found
Refreshing native plugins compatible for Editor in 1.32 ms, found 5 plugins.
Preloading 0 native plugins for Editor in 0.00 ms.
Warning: Annotation not found!
UnityEngine.StackTraceUtility:ExtractStackTrace ()
UnityEditor.ProBuilder.EditorUtility:SetGizmoIconEnabled (System.Type,bool) (at Library/PackageCache/com.unity.probuilder@5.0.3/Editor/EditorCore/EditorUtility.cs:575)
UnityEditor.ProBuilder.HierarchyListener:.cctor () (at Library/PackageCache/com.unity.probuilder@5.0.3/Editor/EditorCore/HierarchyListener.cs:21)
System.Runtime.CompilerServices.RuntimeHelpers:RunClassConstructor (System.RuntimeTypeHandle)
UnityEditor.EditorAssemblies:ProcessInitializeOnLoadAttributes (System.Type[])

[Library/PackageCache/com.unity.probuilder@5.0.3/Editor/EditorCore/EditorUtility.cs line 575]

Mono: successfully reloaded assembly
- Completed reload, in  1.578 seconds
Domain Reload Profiling:
	ReloadAssembly (1578ms)
		BeginReloadAssembly (151ms)
			ExecutionOrderSort (0ms)
			DisableScriptedObjects (6ms)
			BackupInstance (0ms)
			ReleaseScriptingObjects (0ms)
			CreateAndSetChildDomain (45ms)
		EndReloadAssembly (1314ms)
			LoadAssemblies (115ms)
			RebuildTransferFunctionScriptingTraits (0ms)
			SetupTypeCache (347ms)
			ReleaseScriptCaches (2ms)
			RebuildScriptCaches (75ms)
			SetupLoadedEditorAssemblies (698ms)
				LogAssemblyErrors (0ms)
				InitializePlatformSupportModulesInManaged (16ms)
				SetLoadedEditorAssemblies (1ms)
				RefreshPlugins (1ms)
				BeforeProcessingInitializeOnLoad (139ms)
				ProcessInitializeOnLoadAttributes (436ms)
				ProcessInitializeOnLoadMethodAttributes (98ms)
				AfterProcessingInitializeOnLoad (8ms)
				EditorAssembliesLoaded (0ms)
			ExecutionOrderSort2 (0ms)
			AwakeInstancesAfterBackupRestoration (22ms)
Platform modules already initialized, skipping
Refreshing native plugins compatible for Editor in 6.41 ms, found 5 plugins.
Preloading 0 native plugins for Editor in 0.00 ms.
Unloading 6441 Unused Serialized files (Serialized files now loaded: 0)
Unloading 110 unused Assets / (6.6 MB). Loaded Objects now: 7001.
Memory consumption went from 250.1 MB to 243.6 MB.
Total: 11.204000 ms (FindLiveObjects: 0.678200 ms CreateObjectMapping: 0.675700 ms MarkObjects: 6.112100 ms  DeleteObjects: 3.736600 ms)

AssetImportParameters requested are different than current active one (requested -> active):
  custom:video-decoder-ogg-theora: a1e56fd34408186e4bbccfd4996cb3dc -> 
  custom:container-muxer-webm: aa71ff27fc2769a1b78a27578f13a17b -> 
  custom:container-demuxer-webm: 4f35f7cbe854078d1ac9338744f61a02 -> 
  custom:video-encoder-webm-vp8: eb34c28f22e8b96e1ab97ce403110664 -> 
  custom:audio-encoder-webm-vorbis: bf7c407c2cedff20999df2af8eb42d56 -> 
  custom:framework-win-MediaFoundation: 216162199b28c13a410421893ffa2e32 -> 
  custom:container-demuxer-ogg: 62fdf1f143b41e24485cea50d1cbac27 -> 
  custom:video-decoder-webm-vp8: 9c59270c3fd7afecdb556c50c9e8de78 -> 
  custom:audio-decoder-ogg-vorbis: bf7c407c2cedff20999df2af8eb42d56 -> 
========================================================================
Received Import Request.
  Time since last request: 716.425006 seconds.
  path: Assets/2D_Placeholder/Tilemap/OnceAFlower_Alpha_SpriteSheet_0.asset
  artifactKey: Guid(da27f0103baeab44c9bd7f2a0973ef47) Importer(815301076,1909f56bfc062723c751e8b465ee728b)
Start importing Assets/2D_Placeholder/Tilemap/OnceAFlower_Alpha_SpriteSheet_0.asset using Guid(da27f0103baeab44c9bd7f2a0973ef47) Importer(815301076,1909f56bfc062723c751e8b465ee728b)  -> (artifact id: 'bde6ff2b7344677d5c412312b26d4fce') in 0.062138 seconds 
========================================================================
Received Import Request.
  Time since last request: 0.000025 seconds.
  path: Assets/2D_Placeholder/Tilemap/OnceAFlower_Alpha_SpriteSheet_4.asset
  artifactKey: Guid(f6c69195d5554cc4cada25558ce08d06) Importer(815301076,1909f56bfc062723c751e8b465ee728b)
Start importing Assets/2D_Placeholder/Tilemap/OnceAFlower_Alpha_SpriteSheet_4.asset using Guid(f6c69195d5554cc4cada25558ce08d06) Importer(815301076,1909f56bfc062723c751e8b465ee728b)  -> (artifact id: 'e136bd93da6464575cec6caa6a4c9cba') in 0.024236 seconds 
========================================================================
Received Import Request.
  Time since last request: 0.000018 seconds.
  path: Assets/2D_Placeholder/Tilemap/OnceAFlower_Alpha_SpriteSheet_18.asset
  artifactKey: Guid(afc4e13f7aff9bd40b56dd6a00033f1b) Importer(815301076,1909f56bfc062723c751e8b465ee728b)
Start importing Assets/2D_Placeholder/Tilemap/OnceAFlower_Alpha_SpriteSheet_18.asset using Guid(afc4e13f7aff9bd40b56dd6a00033f1b) Importer(815301076,1909f56bfc062723c751e8b465ee728b)  -> (artifact id: 'dfdeb372d5192c0cd5ce9d6dc583a31e') in 0.025637 seconds 
========================================================================
Received Import Request.
  Time since last request: 0.000026 seconds.
  path: Assets/2D_Placeholder/Tilemap/OnceAFlower_Alpha_SpriteSheet_3.asset
  artifactKey: Guid(caa31804cad06a84fbb649f1c9de1650) Importer(815301076,1909f56bfc062723c751e8b465ee728b)
Start importing Assets/2D_Placeholder/Tilemap/OnceAFlower_Alpha_SpriteSheet_3.asset using Guid(caa31804cad06a84fbb649f1c9de1650) Importer(815301076,1909f56bfc062723c751e8b465ee728b)  -> (artifact id: '83badad7e5b688fc8f371c50e28f409b') in 0.022601 seconds 
========================================================================
Received Import Request.
  Time since last request: 0.000041 seconds.
  path: Assets/2D_Placeholder/Tilemap/OnceAFlower_Alpha_SpriteSheet_10.asset
  artifactKey: Guid(050a4eb18ea774e49aa591f84516d06d) Importer(815301076,1909f56bfc062723c751e8b465ee728b)
Start importing Assets/2D_Placeholder/Tilemap/OnceAFlower_Alpha_SpriteSheet_10.asset using Guid(050a4eb18ea774e49aa591f84516d06d) Importer(815301076,1909f56bfc062723c751e8b465ee728b)  -> (artifact id: '6f9a1db1a4fe55741db45f9844abf862') in 0.014538 seconds 
========================================================================
Received Import Request.
  Time since last request: 0.000039 seconds.
  path: Assets/2D_Placeholder/Tilemap/OnceAFlower_Alpha_SpriteSheet_9.asset
  artifactKey: Guid(4e9005b86685c8d469aa66b585b43b95) Importer(815301076,1909f56bfc062723c751e8b465ee728b)
Start importing Assets/2D_Placeholder/Tilemap/OnceAFlower_Alpha_SpriteSheet_9.asset using Guid(4e9005b86685c8d469aa66b585b43b95) Importer(815301076,1909f56bfc062723c751e8b465ee728b)  -> (artifact id: '9d42539af4ecf8020a25da359b7153e4') in 0.015677 seconds 
========================================================================
Received Import Request.
  Time since last request: 0.000029 seconds.
  path: Assets/2D_Placeholder/Tilemap/OnceAFlower_Alpha_SpriteSheet_12.asset
  artifactKey: Guid(7d40e4976a5e9664f9ed1cb52e95908f) Importer(815301076,1909f56bfc062723c751e8b465ee728b)
Start importing Assets/2D_Placeholder/Tilemap/OnceAFlower_Alpha_SpriteSheet_12.asset using Guid(7d40e4976a5e9664f9ed1cb52e95908f) Importer(815301076,1909f56bfc062723c751e8b465ee728b)  -> (artifact id: '4a3190d0062c6241090ba413e6166a64') in 0.024221 seconds 
========================================================================
Received Import Request.
  Time since last request: 0.000020 seconds.
  path: Assets/2D_Placeholder/Tilemap/OnceAFlower_Alpha_SpriteSheet_22.asset
  artifactKey: Guid(75954ed853451524891d665079c3d0e9) Importer(815301076,1909f56bfc062723c751e8b465ee728b)
Start importing Assets/2D_Placeholder/Tilemap/OnceAFlower_Alpha_SpriteSheet_22.asset using Guid(75954ed853451524891d665079c3d0e9) Importer(815301076,1909f56bfc062723c751e8b465ee728b)  -> (artifact id: '00a7ebdbd08baf6da9d5dbd216bf0003') in 0.023691 seconds 
========================================================================
Received Import Request.
  Time since last request: 0.000026 seconds.
  path: Assets/2D_Placeholder/Tilemap/OnceAFlower_Alpha_SpriteSheet_13.asset
  artifactKey: Guid(af502de1738b1ef46ad68b42af0a2bdf) Importer(815301076,1909f56bfc062723c751e8b465ee728b)
Start importing Assets/2D_Placeholder/Tilemap/OnceAFlower_Alpha_SpriteSheet_13.asset using Guid(af502de1738b1ef46ad68b42af0a2bdf) Importer(815301076,1909f56bfc062723c751e8b465ee728b)  -> (artifact id: '5100401d14981d07d971cb40f463b5d4') in 0.021485 seconds 
========================================================================
Received Import Request.
  Time since last request: 0.000028 seconds.
  path: Assets/2D_Placeholder/Tilemap/OnceAFlower_Alpha_SpriteSheet_27.asset
  artifactKey: Guid(598f485b5bcd3a74c9d47678f3cc74fe) Importer(815301076,1909f56bfc062723c751e8b465ee728b)
Start importing Assets/2D_Placeholder/Tilemap/OnceAFlower_Alpha_SpriteSheet_27.asset using Guid(598f485b5bcd3a74c9d47678f3cc74fe) Importer(815301076,1909f56bfc062723c751e8b465ee728b)  -> (artifact id: '685699a22900aca6ba3b2688f6aa9b1d') in 0.019289 seconds 
========================================================================
Received Import Request.
  Time since last request: 0.000027 seconds.
  path: Assets/2D_Placeholder/Tilemap/OnceAFlower_Alpha_SpriteSheet_19.asset
  artifactKey: Guid(1cb9e76f176a23a488cbf44e6c02cab3) Importer(815301076,1909f56bfc062723c751e8b465ee728b)
Start importing Assets/2D_Placeholder/Tilemap/OnceAFlower_Alpha_SpriteSheet_19.asset using Guid(1cb9e76f176a23a488cbf44e6c02cab3) Importer(815301076,1909f56bfc062723c751e8b465ee728b)  -> (artifact id: 'b3e1013ae2a6be980f3b31b1e397ff11') in 0.014941 seconds 
========================================================================
Received Import Request.
  Time since last request: 0.000029 seconds.
  path: Assets/2D_Placeholder/Tilemap/OnceAFlower_Alpha_SpriteSheet_6.asset
  artifactKey: Guid(4356449ab05b25744ae34a58cf5dc4b6) Importer(815301076,1909f56bfc062723c751e8b465ee728b)
Start importing Assets/2D_Placeholder/Tilemap/OnceAFlower_Alpha_SpriteSheet_6.asset using Guid(4356449ab05b25744ae34a58cf5dc4b6) Importer(815301076,1909f56bfc062723c751e8b465ee728b)  -> (artifact id: 'c04f448e25cb277b48a6e7546fbd4695') in 0.023838 seconds 
========================================================================
Received Import Request.
  Time since last request: 0.000059 seconds.
  path: Assets/2D_Placeholder/Tilemap/OnceAFlower_Alpha_SpriteSheet_26.asset
  artifactKey: Guid(842d8478e51247b40ad53eed58fdfaea) Importer(815301076,1909f56bfc062723c751e8b465ee728b)
Start importing Assets/2D_Placeholder/Tilemap/OnceAFlower_Alpha_SpriteSheet_26.asset using Guid(842d8478e51247b40ad53eed58fdfaea) Importer(815301076,1909f56bfc062723c751e8b465ee728b)  -> (artifact id: 'ff8212ea18868503224c590a912645b6') in 0.019259 seconds 
========================================================================
Received Import Request.
  Time since last request: 0.000036 seconds.
  path: Assets/2D_Placeholder/Tilemap/OnceAFlower_Alpha_SpriteSheet_24.asset
  artifactKey: Guid(f9cea5cb5bcbc2541b897676810e0314) Importer(815301076,1909f56bfc062723c751e8b465ee728b)
Start importing Assets/2D_Placeholder/Tilemap/OnceAFlower_Alpha_SpriteSheet_24.asset using Guid(f9cea5cb5bcbc2541b897676810e0314) Importer(815301076,1909f56bfc062723c751e8b465ee728b)  -> (artifact id: '59b1057b6cdb94a9f4960c58c611b3be') in 0.024210 seconds 
========================================================================
Received Import Request.
  Time since last request: 0.000023 seconds.
  path: Assets/2D_Placeholder/Tilemap/OnceAFlower_Alpha_SpriteSheet_21.asset
  artifactKey: Guid(1a677bde267128a4e9e5deb6e33721e8) Importer(815301076,1909f56bfc062723c751e8b465ee728b)
Start importing Assets/2D_Placeholder/Tilemap/OnceAFlower_Alpha_SpriteSheet_21.asset using Guid(1a677bde267128a4e9e5deb6e33721e8) Importer(815301076,1909f56bfc062723c751e8b465ee728b)  -> (artifact id: '11a4601d1cad085624fcaafac33d4fc8') in 0.020457 seconds 
========================================================================
Received Import Request.
  Time since last request: 0.000037 seconds.
  path: Assets/2D_Placeholder/Tilemap/OnceAFlower_Alpha_SpriteSheet_23.asset
  artifactKey: Guid(9c07753b1a808c04381eeb69f5a6780c) Importer(815301076,1909f56bfc062723c751e8b465ee728b)
Start importing Assets/2D_Placeholder/Tilemap/OnceAFlower_Alpha_SpriteSheet_23.asset using Guid(9c07753b1a808c04381eeb69f5a6780c) Importer(815301076,1909f56bfc062723c751e8b465ee728b)  -> (artifact id: '54356fc78172d12929393d4054931287') in 0.024256 seconds 
========================================================================
Received Import Request.
  Time since last request: 0.000036 seconds.
  path: Assets/2D_Placeholder/Tilemap/OnceAFlower_Alpha_SpriteSheet_15.asset
  artifactKey: Guid(c2386d868c4c0b7408228c86237196c1) Importer(815301076,1909f56bfc062723c751e8b465ee728b)
Start importing Assets/2D_Placeholder/Tilemap/OnceAFlower_Alpha_SpriteSheet_15.asset using Guid(c2386d868c4c0b7408228c86237196c1) Importer(815301076,1909f56bfc062723c751e8b465ee728b)  -> (artifact id: '824e2bc6f430be8f8e1603795ffdc60f') in 0.015395 seconds 
========================================================================
Received Import Request.
  Time since last request: 0.000036 seconds.
  path: Assets/2D_Placeholder/Tilemap/OnceAFlower_Alpha_SpriteSheet_25.asset
  artifactKey: Guid(c5caae52c10cd1546abe06545758ac65) Importer(815301076,1909f56bfc062723c751e8b465ee728b)
Start importing Assets/2D_Placeholder/Tilemap/OnceAFlower_Alpha_SpriteSheet_25.asset using Guid(c5caae52c10cd1546abe06545758ac65) Importer(815301076,1909f56bfc062723c751e8b465ee728b)  -> (artifact id: 'a83a0cb50123de0334c1341d4e4d4bad') in 0.019553 seconds 
========================================================================
Received Import Request.
  Time since last request: 0.000036 seconds.
  path: Assets/2D_Placeholder/Tilemap/OnceAFlower_Alpha_SpriteSheet_5.asset
  artifactKey: Guid(0f41732171400774ebaba47b397001cb) Importer(815301076,1909f56bfc062723c751e8b465ee728b)
Start importing Assets/2D_Placeholder/Tilemap/OnceAFlower_Alpha_SpriteSheet_5.asset using Guid(0f41732171400774ebaba47b397001cb) Importer(815301076,1909f56bfc062723c751e8b465ee728b)  -> (artifact id: 'eae0d682dd31655d1b2e891ae54f743d') in 0.018264 seconds 
Editor requested this worker to shutdown with reason: Scaling down because of idle timeout
AssetImportWorker is now disconnected from the server
Process exiting
Exiting without the bug reporter. Application will terminate with return code 0